This file contains any messages produced by compilers while
running configure, to aid debugging if configure makes a mistake.

It was created by main configure 1.0, which was
generated by GNU Autoconf 2.71.  Invocation command line was

  $ ./configure

## --------- ##
## Platform. ##
## --------- ##

hostname = lishangli-pc
uname -m = x86_64
uname -r = 5.10.16.3-microsoft-standard-WSL2
uname -s = Linux
uname -v = #1 SMP Fri Apr 2 22:23:49 UTC 2021

/usr/bin/uname -p = x86_64
/bin/uname -X     = unknown

/bin/arch              = x86_64
/usr/bin/arch -k       = unknown
/usr/convex/getsysinfo = unknown
/usr/bin/hostinfo      = unknown
/bin/machine           = unknown
/usr/bin/oslevel       = unknown
/bin/universe          = unknown

PATH: /usr/local/cuda-11.8/bin/
PATH: /home/lishangli/.vscode-server/bin/b06ae3b2d2dbfe28bca3134cc6be65935cdfea6a/bin/remote-cli/
PATH: /home/lishangli/.local/bin/
PATH: /usr/local/cuda-11.8/bin/
PATH: /usr/local/sbin/
PATH: /usr/local/bin/
PATH: /usr/sbin/
PATH: /usr/bin/
PATH: /sbin/
PATH: /bin/
PATH: /usr/games/
PATH: /usr/local/games/
PATH: /usr/lib/wsl/lib/
PATH: /mnt/c/Windows/system32/
PATH: /mnt/c/Windows/
PATH: /mnt/c/Windows/System32/Wbem/
PATH: /mnt/c/Windows/System32/WindowsPowerShell/v1.0/
PATH: /mnt/c/Windows/System32/OpenSSH/
PATH: /mnt/d/Tools/Microsoft VS Code/bin/
PATH: /mnt/d/Tools/Git/cmd/
PATH: /mnt/c/Program Files (x86)/dotnet/
PATH: /mnt/c/Program Files/NVIDIA Corporation/NVIDIA NvDLISR/
PATH: /mnt/d/Tools/Python/Lib/site-packages/qt5_applications/Qt/bin/designer.exe/
PATH: /mnt/d/Tools/Python/Lib/site-packages/pyqt5_tools/
PATH: /mnt/d/Tools/Xftp/
PATH: /mnt/d/Tools/Xshell/
PATH: /mnt/c/Program Files (x86)/NVIDIA Corporation/PhysX/Common/
PATH: /mnt/d/Tools/Python/Scripts/
PATH: /mnt/d/Tools/Python/
PATH: /mnt/c/Users/28406/AppData/Local/Microsoft/WindowsApps/
PATH: /mnt/d/Tools/PyCharm 2022.2.1/bin/
PATH: /mnt/d/Tools/swipl/bin/
PATH: /snap/bin/


## ----------- ##
## Core tests. ##
## ----------- ##

configure:2473: looking for aux files: compile missing install-sh
configure:2486:  trying ./
configure:2515:   ./compile found
configure:2515:   ./missing found
configure:2497:   ./install-sh found
configure:2647: checking for a BSD-compatible install
configure:2720: result: /usr/bin/install -c
configure:2731: checking whether build environment is sane
configure:2786: result: yes
configure:2945: checking for a race-free mkdir -p
configure:2989: result: /usr/bin/mkdir -p
configure:2996: checking for gawk
configure:3017: found /usr/bin/gawk
configure:3028: result: gawk
configure:3039: checking whether make sets $(MAKE)
configure:3062: result: yes
configure:3092: checking whether make supports nested variables
configure:3110: result: yes
configure:3316: checking for g++
configure:3337: found /usr/bin/g++
configure:3348: result: g++
configure:3375: checking for C++ compiler version
configure:3384: g++ --version >&5
g++ (Ubuntu 11.2.0-19ubuntu1) 11.2.0
Copyright (C) 2021 Free Software Foundation, Inc.
This is free software; see the source for copying conditions.  There is NO
warranty; not even for MERCHANTABILITY or FITNESS FOR A PARTICULAR PURPOSE.

configure:3395: $? = 0
configure:3384: g++ -v >&5
Using built-in specs.
COLLECT_GCC=g++
COLLECT_LTO_WRAPPER=/usr/lib/gcc/x86_64-linux-gnu/11/lto-wrapper
OFFLOAD_TARGET_NAMES=nvptx-none:amdgcn-amdhsa
OFFLOAD_TARGET_DEFAULT=1
Target: x86_64-linux-gnu
Configured with: ../src/configure -v --with-pkgversion='Ubuntu 11.2.0-19ubuntu1' --with-bugurl=file:///usr/share/doc/gcc-11/README.Bugs --enable-languages=c,ada,c++,go,brig,d,fortran,objc,obj-c++,m2 --prefix=/usr --with-gcc-major-version-only --program-suffix=-11 --program-prefix=x86_64-linux-gnu- --enable-shared --enable-linker-build-id --libexecdir=/usr/lib --without-included-gettext --enable-threads=posix --libdir=/usr/lib --enable-nls --enable-bootstrap --enable-clocale=gnu --enable-libstdcxx-debug --enable-libstdcxx-time=yes --with-default-libstdcxx-abi=new --enable-gnu-unique-object --disable-vtable-verify --enable-plugin --enable-default-pie --with-system-zlib --enable-libphobos-checking=release --with-target-system-zlib=auto --enable-objc-gc=auto --enable-multiarch --disable-werror --enable-cet --with-arch-32=i686 --with-abi=m64 --with-multilib-list=m32,m64,mx32 --enable-multilib --with-tune=generic --enable-offload-targets=nvptx-none=/build/gcc-11-gBFGDP/gcc-11-11.2.0/debian/tmp-nvptx/usr,amdgcn-amdhsa=/build/gcc-11-gBFGDP/gcc-11-11.2.0/debian/tmp-gcn/usr --without-cuda-driver --enable-checking=release --build=x86_64-linux-gnu --host=x86_64-linux-gnu --target=x86_64-linux-gnu --with-build-config=bootstrap-lto-lean --enable-link-serialization=2
Thread model: posix
Supported LTO compression algorithms: zlib zstd
gcc version 11.2.0 (Ubuntu 11.2.0-19ubuntu1) 
... rest of stderr output deleted ...
configure:3395: $? = 0
configure:3384: g++ -V >&5
g++: error: unrecognized command-line option '-V'
g++: fatal error: no input files
compilation terminated.
configure:3395: $? = 1
configure:3384: g++ -qversion >&5
g++: error: unrecognized command-line option '-qversion'; did you mean '--version'?
g++: fatal error: no input files
compilation terminated.
configure:3395: $? = 1
configure:3415: checking whether the C++ compiler works
configure:3437: g++    conftest.cpp  >&5
configure:3441: $? = 0
configure:3491: result: yes
configure:3494: checking for C++ compiler default output file name
configure:3496: result: a.out
configure:3502: checking for suffix of executables
configure:3509: g++ -o conftest    conftest.cpp  >&5
configure:3513: $? = 0
configure:3536: result: 
configure:3558: checking whether we are cross compiling
configure:3566: g++ -o conftest    conftest.cpp  >&5
configure:3570: $? = 0
configure:3577: ./conftest
configure:3581: $? = 0
configure:3596: result: no
configure:3601: checking for suffix of object files
configure:3624: g++ -c   conftest.cpp >&5
configure:3628: $? = 0
configure:3650: result: o
configure:3654: checking whether the compiler supports GNU C++
configure:3674: g++ -c   conftest.cpp >&5
configure:3674: $? = 0
configure:3684: result: yes
configure:3695: checking whether g++ accepts -g
configure:3716: g++ -c -g  conftest.cpp >&5
configure:3716: $? = 0
configure:3760: result: yes
configure:3780: checking for g++ option to enable C++11 features
configure:3795: g++  -c -g -O2  conftest.cpp >&5
conftest.cpp: In function 'int main(int, char**)':
conftest.cpp:177:25: warning: empty parentheses were disambiguated as a function declaration [-Wvexing-parse]
  177 |   cxx11test::delegate d2();
      |                         ^~
conftest.cpp:177:25: note: remove parentheses to default-initialize a variable
  177 |   cxx11test::delegate d2();
      |                         ^~
      |                         --
conftest.cpp:177:25: note: or replace parentheses with braces to value-initialize a variable
configure:3795: $? = 0
configure:3813: result: none needed
configure:3880: checking whether make supports the include directive
configure:3895: make -f confmf.GNU && cat confinc.out
this is the am__doit target
configure:3898: $? = 0
configure:3917: result: yes (GNU style)
configure:3943: checking dependency style of g++
configure:4055: result: gcc3
configure:4140: checking for gcc
configure:4161: found /usr/bin/gcc
configure:4172: result: gcc
configure:4525: checking for C compiler version
configure:4534: gcc --version >&5
gcc (Ubuntu 11.2.0-19ubuntu1) 11.2.0
Copyright (C) 2021 Free Software Foundation, Inc.
This is free software; see the source for copying conditions.  There is NO
warranty; not even for MERCHANTABILITY or FITNESS FOR A PARTICULAR PURPOSE.

configure:4545: $? = 0
configure:4534: gcc -v >&5
Using built-in specs.
COLLECT_GCC=gcc
COLLECT_LTO_WRAPPER=/usr/lib/gcc/x86_64-linux-gnu/11/lto-wrapper
OFFLOAD_TARGET_NAMES=nvptx-none:amdgcn-amdhsa
OFFLOAD_TARGET_DEFAULT=1
Target: x86_64-linux-gnu
Configured with: ../src/configure -v --with-pkgversion='Ubuntu 11.2.0-19ubuntu1' --with-bugurl=file:///usr/share/doc/gcc-11/README.Bugs --enable-languages=c,ada,c++,go,brig,d,fortran,objc,obj-c++,m2 --prefix=/usr --with-gcc-major-version-only --program-suffix=-11 --program-prefix=x86_64-linux-gnu- --enable-shared --enable-linker-build-id --libexecdir=/usr/lib --without-included-gettext --enable-threads=posix --libdir=/usr/lib --enable-nls --enable-bootstrap --enable-clocale=gnu --enable-libstdcxx-debug --enable-libstdcxx-time=yes --with-default-libstdcxx-abi=new --enable-gnu-unique-object --disable-vtable-verify --enable-plugin --enable-default-pie --with-system-zlib --enable-libphobos-checking=release --with-target-system-zlib=auto --enable-objc-gc=auto --enable-multiarch --disable-werror --enable-cet --with-arch-32=i686 --with-abi=m64 --with-multilib-list=m32,m64,mx32 --enable-multilib --with-tune=generic --enable-offload-targets=nvptx-none=/build/gcc-11-gBFGDP/gcc-11-11.2.0/debian/tmp-nvptx/usr,amdgcn-amdhsa=/build/gcc-11-gBFGDP/gcc-11-11.2.0/debian/tmp-gcn/usr --without-cuda-driver --enable-checking=release --build=x86_64-linux-gnu --host=x86_64-linux-gnu --target=x86_64-linux-gnu --with-build-config=bootstrap-lto-lean --enable-link-serialization=2
Thread model: posix
Supported LTO compression algorithms: zlib zstd
gcc version 11.2.0 (Ubuntu 11.2.0-19ubuntu1) 
... rest of stderr output deleted ...
configure:4545: $? = 0
configure:4534: gcc -V >&5
gcc: error: unrecognized command-line option '-V'
gcc: fatal error: no input files
compilation terminated.
configure:4545: $? = 1
configure:4534: gcc -qversion >&5
gcc: error: unrecognized command-line option '-qversion'; did you mean '--version'?
gcc: fatal error: no input files
compilation terminated.
configure:4545: $? = 1
configure:4534: gcc -version >&5
gcc: error: unrecognized command-line option '-version'
gcc: fatal error: no input files
compilation terminated.
configure:4545: $? = 1
configure:4549: checking whether the compiler supports GNU C
configure:4569: gcc -c   conftest.c >&5
configure:4569: $? = 0
configure:4579: result: yes
configure:4590: checking whether gcc accepts -g
configure:4611: gcc -c -g  conftest.c >&5
configure:4611: $? = 0
configure:4655: result: yes
configure:4675: checking for gcc option to enable C11 features
configure:4690: gcc  -c -g -O2  conftest.c >&5
configure:4690: $? = 0
configure:4708: result: none needed
configure:4824: checking whether gcc understands -c and -o together
configure:4847: gcc -c conftest.c -o conftest2.o
configure:4850: $? = 0
configure:4847: gcc -c conftest.c -o conftest2.o
configure:4850: $? = 0
configure:4862: result: yes
configure:4881: checking dependency style of gcc
configure:4993: result: gcc3
configure:5009: checking for clock_gettime
configure:5009: gcc -o conftest -g -O2   conftest.c  >&5
configure:5009: $? = 0
configure:5009: result: yes
configure:5015: checking for pow
configure:5015: gcc -o conftest -g -O2   conftest.c  >&5
conftest.c:28:6: warning: conflicting types for built-in function 'pow'; expected 'double(double,  double)' [-Wbuiltin-declaration-mismatch]
   28 | char pow ();
      |      ^~~
conftest.c:20:1: note: 'pow' is declared in header '<math.h>'
   19 | #include <limits.h>
   20 | #undef pow
/usr/bin/ld: /tmp/ccumIqsl.o: in function `main':
/home/lishangli/algorithm/task2/conftest.c:39: undefined reference to `pow'
collect2: error: ld returned 1 exit status
configure:5015: $? = 1
configure: failed program was:
| /* confdefs.h */
| #define PACKAGE_NAME "main"
| #define PACKAGE_TARNAME "main"
| #define PACKAGE_VERSION "1.0"
| #define PACKAGE_STRING "main 1.0"
| #define PACKAGE_BUGREPORT "lishangli22@mails.ucas.ac.cn"
| #define PACKAGE_URL ""
| #define PACKAGE "main"
| #define VERSION "1.0"
| #define HAVE_CLOCK_GETTIME 1
| /* end confdefs.h.  */
| /* Define pow to an innocuous variant, in case <limits.h> declares pow.
|    For example, HP-UX 11i <limits.h> declares gettimeofday.  */
| #define pow innocuous_pow
| 
| /* System header to define __stub macros and hopefully few prototypes,
|    which can conflict with char pow (); below.  */
| 
| #include <limits.h>
| #undef pow
| 
| /* Override any GCC internal prototype to avoid an error.
|    Use char because int might match the return type of a GCC
|    builtin and then its argument prototype would still apply.  */
| #ifdef __cplusplus
| extern "C"
| #endif
| char pow ();
| /* The GNU C library defines this for functions which it implements
|     to always fail with ENOSYS.  Some functions are actually named
|     something starting with __ and the normal name is an alias.  */
| #if defined __stub_pow || defined __stub___pow
| choke me
| #endif
| 
| int
| main (void)
| {
| return pow ();
|   ;
|   return 0;
| }
configure:5015: result: no
configure:5021: checking for sqrt
configure:5021: gcc -o conftest -g -O2   conftest.c  >&5
conftest.c:28:6: warning: conflicting types for built-in function 'sqrt'; expected 'double(double)' [-Wbuiltin-declaration-mismatch]
   28 | char sqrt ();
      |      ^~~~
conftest.c:20:1: note: 'sqrt' is declared in header '<math.h>'
   19 | #include <limits.h>
   20 | #undef sqrt
/usr/bin/ld: /tmp/ccxxtYum.o: in function `main':
/home/lishangli/algorithm/task2/conftest.c:39: undefined reference to `sqrt'
collect2: error: ld returned 1 exit status
configure:5021: $? = 1
configure: failed program was:
| /* confdefs.h */
| #define PACKAGE_NAME "main"
| #define PACKAGE_TARNAME "main"
| #define PACKAGE_VERSION "1.0"
| #define PACKAGE_STRING "main 1.0"
| #define PACKAGE_BUGREPORT "lishangli22@mails.ucas.ac.cn"
| #define PACKAGE_URL ""
| #define PACKAGE "main"
| #define VERSION "1.0"
| #define HAVE_CLOCK_GETTIME 1
| /* end confdefs.h.  */
| /* Define sqrt to an innocuous variant, in case <limits.h> declares sqrt.
|    For example, HP-UX 11i <limits.h> declares gettimeofday.  */
| #define sqrt innocuous_sqrt
| 
| /* System header to define __stub macros and hopefully few prototypes,
|    which can conflict with char sqrt (); below.  */
| 
| #include <limits.h>
| #undef sqrt
| 
| /* Override any GCC internal prototype to avoid an error.
|    Use char because int might match the return type of a GCC
|    builtin and then its argument prototype would still apply.  */
| #ifdef __cplusplus
| extern "C"
| #endif
| char sqrt ();
| /* The GNU C library defines this for functions which it implements
|     to always fail with ENOSYS.  Some functions are actually named
|     something starting with __ and the normal name is an alias.  */
| #if defined __stub_sqrt || defined __stub___sqrt
| choke me
| #endif
| 
| int
| main (void)
| {
| return sqrt ();
|   ;
|   return 0;
| }
configure:5021: result: no
configure:5132: checking that generated files are newer than configure
configure:5138: result: done
configure:5165: creating ./config.status

## ---------------------- ##
## Running config.status. ##
## ---------------------- ##

This file was extended by main config.status 1.0, which was
generated by GNU Autoconf 2.71.  Invocation command line was

  CONFIG_FILES    = 
  CONFIG_HEADERS  = 
  CONFIG_LINKS    = 
  CONFIG_COMMANDS = 
  $ ./config.status 

on lishangli-pc

config.status:843: creating Makefile
config.status:843: creating config.h
config.status:1024: config.h is unchanged
config.status:1072: executing depfiles commands
config.status:1149: cd .       && sed -e '/# am--include-marker/d' Makefile         | make -f - am--depfiles
make: Nothing to be done for 'am--depfiles'.
config.status:1154: $? = 0

## ---------------- ##
## Cache variables. ##
## ---------------- ##

ac_cv_c_compiler_gnu=yes
ac_cv_cxx_compiler_gnu=yes
ac_cv_env_CCC_set=
ac_cv_env_CCC_value=
ac_cv_env_CC_set=
ac_cv_env_CC_value=
ac_cv_env_CFLAGS_set=
ac_cv_env_CFLAGS_value=
ac_cv_env_CPPFLAGS_set=
ac_cv_env_CPPFLAGS_value=
ac_cv_env_CXXFLAGS_set=
ac_cv_env_CXXFLAGS_value=
ac_cv_env_CXX_set=
ac_cv_env_CXX_value=
ac_cv_env_LDFLAGS_set=
ac_cv_env_LDFLAGS_value=
ac_cv_env_LIBS_set=
ac_cv_env_LIBS_value=
ac_cv_env_build_alias_set=
ac_cv_env_build_alias_value=
ac_cv_env_host_alias_set=
ac_cv_env_host_alias_value=
ac_cv_env_target_alias_set=
ac_cv_env_target_alias_value=
ac_cv_func_clock_gettime=yes
ac_cv_func_pow=no
ac_cv_func_sqrt=no
ac_cv_objext=o
ac_cv_path_install='/usr/bin/install -c'
ac_cv_path_mkdir=/usr/bin/mkdir
ac_cv_prog_AWK=gawk
ac_cv_prog_ac_ct_CC=gcc
ac_cv_prog_ac_ct_CXX=g++
ac_cv_prog_cc_c11=
ac_cv_prog_cc_g=yes
ac_cv_prog_cc_stdc=
ac_cv_prog_cxx_11=no
ac_cv_prog_cxx_cxx11=
ac_cv_prog_cxx_g=yes
ac_cv_prog_cxx_stdcxx=
ac_cv_prog_make_make_set=yes
am_cv_CC_dependencies_compiler_type=gcc3
am_cv_CXX_dependencies_compiler_type=gcc3
am_cv_make_support_nested_variables=yes
am_cv_prog_cc_c_o=yes

## ----------------- ##
## Output variables. ##
## ----------------- ##

ACLOCAL='${SHELL} '\''/home/lishangli/algorithm/task2/missing'\'' aclocal-1.16'
AMDEPBACKSLASH='\'
AMDEP_FALSE='#'
AMDEP_TRUE=''
AMTAR='$${TAR-tar}'
AM_BACKSLASH='\'
AM_DEFAULT_V='$(AM_DEFAULT_VERBOSITY)'
AM_DEFAULT_VERBOSITY='1'
AM_V='$(V)'
AUTOCONF='${SHELL} '\''/home/lishangli/algorithm/task2/missing'\'' autoconf'
AUTOHEADER='${SHELL} '\''/home/lishangli/algorithm/task2/missing'\'' autoheader'
AUTOMAKE='${SHELL} '\''/home/lishangli/algorithm/task2/missing'\'' automake-1.16'
AWK='gawk'
CC='gcc'
CCDEPMODE='depmode=gcc3'
CFLAGS='-g -O2'
CPPFLAGS=''
CSCOPE='cscope'
CTAGS='ctags'
CXX='g++'
CXXDEPMODE='depmode=gcc3'
CXXFLAGS='-g -O2'
CYGPATH_W='echo'
DEFS='-DHAVE_CONFIG_H'
DEPDIR='.deps'
ECHO_C=''
ECHO_N='-n'
ECHO_T=''
ETAGS='etags'
EXEEXT=''
INSTALL_DATA='${INSTALL} -m 644'
INSTALL_PROGRAM='${INSTALL}'
INSTALL_SCRIPT='${INSTALL}'
INSTALL_STRIP_PROGRAM='$(install_sh) -c -s'
LDFLAGS=''
LIBOBJS=''
LIBS=''
LTLIBOBJS=''
MAKEINFO='${SHELL} '\''/home/lishangli/algorithm/task2/missing'\'' makeinfo'
MKDIR_P='/usr/bin/mkdir -p'
OBJEXT='o'
PACKAGE='main'
PACKAGE_BUGREPORT='lishangli22@mails.ucas.ac.cn'
PACKAGE_NAME='main'
PACKAGE_STRING='main 1.0'
PACKAGE_TARNAME='main'
PACKAGE_URL=''
PACKAGE_VERSION='1.0'
PATH_SEPARATOR=':'
SET_MAKE=''
SHELL='/bin/bash'
STRIP=''
VERSION='1.0'
ac_ct_CC='gcc'
ac_ct_CXX='g++'
am__EXEEXT_FALSE=''
am__EXEEXT_TRUE='#'
am__fastdepCC_FALSE='#'
am__fastdepCC_TRUE=''
am__fastdepCXX_FALSE='#'
am__fastdepCXX_TRUE=''
am__include='include'
am__isrc=''
am__leading_dot='.'
am__nodep='_no'
am__quote=''
am__tar='$${TAR-tar} chof - "$$tardir"'
am__untar='$${TAR-tar} xf -'
bindir='${exec_prefix}/bin'
build_alias=''
datadir='${datarootdir}'
datarootdir='${prefix}/share'
docdir='${datarootdir}/doc/${PACKAGE_TARNAME}'
dvidir='${docdir}'
exec_prefix='${prefix}'
host_alias=''
htmldir='${docdir}'
includedir='${prefix}/include'
infodir='${datarootdir}/info'
install_sh='${SHELL} /home/lishangli/algorithm/task2/install-sh'
libdir='${exec_prefix}/lib'
libexecdir='${exec_prefix}/libexec'
localedir='${datarootdir}/locale'
localstatedir='${prefix}/var'
mandir='${datarootdir}/man'
mkdir_p='$(MKDIR_P)'
oldincludedir='/usr/include'
pdfdir='${docdir}'
prefix='/usr/local'
program_transform_name='s,x,x,'
psdir='${docdir}'
runstatedir='${localstatedir}/run'
sbindir='${exec_prefix}/sbin'
sharedstatedir='${prefix}/com'
sysconfdir='${prefix}/etc'
target_alias=''

## ----------- ##
## confdefs.h. ##
## ----------- ##

/* confdefs.h */
#define PACKAGE_NAME "main"
#define PACKAGE_TARNAME "main"
#define PACKAGE_VERSION "1.0"
#define PACKAGE_STRING "main 1.0"
#define PACKAGE_BUGREPORT "lishangli22@mails.ucas.ac.cn"
#define PACKAGE_URL ""
#define PACKAGE "main"
#define VERSION "1.0"
#define HAVE_CLOCK_GETTIME 1

configure: exit 0
